        -:    0:Source:UT_E2E_profile1.c
        -:    0:Graph:UT_E2E_profile1.gcno
        -:    0:Data:UT_E2E_profile1.gcda
        -:    0:Runs:3
        -:    1:/** ==================================================================================================================*\
        -:    2:  @file UT_E2E_profile1.c
        -:    3:
        -:    4:  @brief Testy jednostkowe do E2E_profile1
        -:    5:\**====================================================================================================================*/
        -:    6:#include "..\inc\Std_Types.h"
        -:    7:#include "..\inc\acutest.h"
        -:    8:#include "E2E_profile1.c"
        -:    9:#include "crc.c"
        -:   10:
        -:   11:/**
        -:   12:  @brief Test of E2E_P01Protect
        -:   13:**/
        1:   14:void Test_Of_E2E_P01Protect(void)
        -:   15:{
        -:   16://sprawdzenie wymagań przez review - spełnione 
        -:   17:
        -:   18:    Std_ReturnType retv;
        -:   19:    E2E_P01ConfigType Config;
        1:   20:    E2E_P01ConfigType* PointerConfig = &Config;
        -:   21:    E2E_P01SenderStateType State;
        1:   22:    E2E_P01SenderStateType* PointerState = &State;
        -:   23:    uint8_t Data;
        1:   24:    uint8_t* PointerData = &Data;
        -:   25:
        1:   26:    retv = E2E_P01Protect(PointerConfig,PointerState,PointerData);
        1:   27:    TEST_CHECK(retv == E_OK);
        1:   28:}
        -:   29:
        -:   30:
        -:   31:/**
        -:   32:  @brief Test of E2E_P01Check
        -:   33:**/
        1:   34:void Test_Of_E2E_P01Check(void)
        -:   35:{
        -:   36://sprawdzenie wymagań przez review - spełnione 
        -:   37:
        -:   38:    Std_ReturnType retv;
        -:   39:    E2E_P01ConfigType Config;
        1:   40:    E2E_P01ConfigType* PointerConfig = &Config;
        -:   41:    E2E_P01ReceiverStateType State;
        1:   42:    E2E_P01ReceiverStateType* PointerState = &State;
        -:   43:    uint8_t Data;
        1:   44:    uint8_t* PointerData = &Data;
        -:   45:
        1:   46:    retv = E2E_P01Check(PointerConfig,PointerState,PointerData);
        1:   47:    TEST_CHECK(retv == E_OK);
        1:   48:}
        -:   49:
        -:   50:
        -:   51:/*
        -:   52:  Lista testów 
        -:   53:*/
        -:   54:TEST_LIST = 
        -:   55:{
        -:   56:    { "Test of E2E_P01Protect", Test_Of_E2E_P01Protect },
        -:   57:    { "Test of E2E_P01Check", Test_Of_E2E_P01Check },
        -:   58:    { NULL, NULL }                                      
        -:   59:};
