        -:    0:Source:crc.c
        -:    0:Graph:UT_E2E_profile1.gcno
        -:    0:Data:UT_E2E_profile1.gcda
        -:    0:Runs:6
        -:    1:#include "..\inc\Std_Types.h"
        -:    2:#include "..\inc\crc.h"
        -:    3:
        -:    4:/*funkcja pozwalająca na obliczenie CRC8
        -:    5:[PRS_E2E_00070]
        -:    6:*/
        -:    7:/*------------------------------------------------------------------------------*/
    #####:    8:uint8_t Crc_CalculateCRC8(
        -:    9:    const uint8_t *Crc_DataPtr,
        -:   10:    uint32_t Crc_Length,
        -:   11:    uint8_t Crc_StartValue8,
        -:   12:    bool Crc_IsFirstCall)
        -:   13:{
        -:   14:    uint8_t crc;
        -:   15:
    #####:   16:    if (Crc_IsFirstCall)
        -:   17:    {
    #####:   18:        crc = CRC8_INITIAL_VALUE;
        -:   19:    }
        -:   20:    else
        -:   21:    {
    #####:   22:        crc = (CRC8_XOR_VALUE ^ Crc_StartValue8);
        -:   23:    }
        -:   24:
    #####:   25:    for (size_t i = 0; i < Crc_Length; ++i)
        -:   26:    {
    #####:   27:        crc = CRC8_TABLE[crc ^ Crc_DataPtr[i]];
        -:   28:    }
        -:   29:
    #####:   30:    return (crc ^ CRC8_XOR_VALUE);
        -:   31:}
